{"C:\\Users\\SEBASTIAN\\pc3_parte2\\backend\\server.js": {"path":"C:\\Users\\SEBASTIAN\\pc3_parte2\\backend\\server.js","statementMap":{"0":{"start":{"line":1,"column":16},"end":{"line":1,"column":34}},"1":{"start":{"line":2,"column":17},"end":{"line":2,"column":36}},"2":{"start":{"line":3,"column":15},"end":{"line":3,"column":34}},"3":{"start":{"line":4,"column":19},"end":{"line":4,"column":41}},"4":{"start":{"line":5,"column":19},"end":{"line":5,"column":27}},"5":{"start":{"line":6,"column":13},"end":{"line":6,"column":28}},"6":{"start":{"line":7,"column":13},"end":{"line":7,"column":28}},"7":{"start":{"line":8,"column":19},"end":{"line":8,"column":48}},"8":{"start":{"line":10,"column":12},"end":{"line":10,"column":21}},"9":{"start":{"line":11,"column":13},"end":{"line":11,"column":37}},"10":{"start":{"line":14,"column":0},"end":{"line":14,"column":27}},"11":{"start":{"line":15,"column":0},"end":{"line":15,"column":51}},"12":{"start":{"line":16,"column":0},"end":{"line":16,"column":22}},"13":{"start":{"line":19,"column":0},"end":{"line":19,"column":51}},"14":{"start":{"line":22,"column":0},"end":{"line":26,"column":73}},"15":{"start":{"line":25,"column":14},"end":{"line":25,"column":48}},"16":{"start":{"line":26,"column":20},"end":{"line":26,"column":71}},"17":{"start":{"line":29,"column":19},"end":{"line":34,"column":2}},"18":{"start":{"line":36,"column":13},"end":{"line":36,"column":47}},"19":{"start":{"line":39,"column":19},"end":{"line":42,"column":2}},"20":{"start":{"line":44,"column":0},"end":{"line":46,"column":2}},"21":{"start":{"line":45,"column":4},"end":{"line":45,"column":57}},"22":{"start":{"line":48,"column":13},"end":{"line":48,"column":47}},"23":{"start":{"line":51,"column":25},"end":{"line":61,"column":1}},"24":{"start":{"line":52,"column":35},"end":{"line":52,"column":46}},"25":{"start":{"line":54,"column":17},"end":{"line":54,"column":49}},"26":{"start":{"line":55,"column":4},"end":{"line":57,"column":5}},"27":{"start":{"line":56,"column":8},"end":{"line":56,"column":72}},"28":{"start":{"line":59,"column":4},"end":{"line":59,"column":20}},"29":{"start":{"line":60,"column":4},"end":{"line":60,"column":11}},"30":{"start":{"line":64,"column":0},"end":{"line":86,"column":3}},"31":{"start":{"line":65,"column":25},"end":{"line":65,"column":36}},"32":{"start":{"line":67,"column":4},"end":{"line":69,"column":5}},"33":{"start":{"line":68,"column":8},"end":{"line":68,"column":70}},"34":{"start":{"line":71,"column":25},"end":{"line":71,"column":39}},"35":{"start":{"line":73,"column":17},"end":{"line":78,"column":6}},"36":{"start":{"line":80,"column":4},"end":{"line":85,"column":5}},"37":{"start":{"line":81,"column":26},"end":{"line":81,"column":43}},"38":{"start":{"line":82,"column":8},"end":{"line":82,"column":110}},"39":{"start":{"line":84,"column":8},"end":{"line":84,"column":62}},"40":{"start":{"line":89,"column":0},"end":{"line":104,"column":3}},"41":{"start":{"line":90,"column":19},"end":{"line":90,"column":29}},"42":{"start":{"line":92,"column":4},"end":{"line":103,"column":5}},"43":{"start":{"line":93,"column":21},"end":{"line":93,"column":44}},"44":{"start":{"line":95,"column":8},"end":{"line":97,"column":9}},"45":{"start":{"line":96,"column":12},"end":{"line":96,"column":65}},"46":{"start":{"line":99,"column":8},"end":{"line":99,"column":50}},"47":{"start":{"line":100,"column":8},"end":{"line":100,"column":28}},"48":{"start":{"line":102,"column":8},"end":{"line":102,"column":62}},"49":{"start":{"line":107,"column":0},"end":{"line":109,"column":3}},"50":{"start":{"line":108,"column":4},"end":{"line":108,"column":53}},"51":{"start":{"line":112,"column":15},"end":{"line":114,"column":2}},"52":{"start":{"line":113,"column":4},"end":{"line":113,"column":66}},"53":{"start":{"line":116,"column":0},"end":{"line":116,"column":33}}},"fnMap":{"0":{"name":"(anonymous_0)","decl":{"start":{"line":25,"column":8},"end":{"line":25,"column":9}},"loc":{"start":{"line":25,"column":14},"end":{"line":25,"column":48}},"line":25},"1":{"name":"(anonymous_1)","decl":{"start":{"line":26,"column":9},"end":{"line":26,"column":10}},"loc":{"start":{"line":26,"column":20},"end":{"line":26,"column":71}},"line":26},"2":{"name":"(anonymous_2)","decl":{"start":{"line":44,"column":37},"end":{"line":44,"column":38}},"loc":{"start":{"line":44,"column":63},"end":{"line":46,"column":1}},"line":44},"3":{"name":"(anonymous_3)","decl":{"start":{"line":51,"column":25},"end":{"line":51,"column":26}},"loc":{"start":{"line":51,"column":51},"end":{"line":61,"column":1}},"line":51},"4":{"name":"(anonymous_4)","decl":{"start":{"line":64,"column":38},"end":{"line":64,"column":39}},"loc":{"start":{"line":64,"column":58},"end":{"line":86,"column":1}},"line":64},"5":{"name":"(anonymous_5)","decl":{"start":{"line":89,"column":43},"end":{"line":89,"column":44}},"loc":{"start":{"line":89,"column":63},"end":{"line":104,"column":1}},"line":89},"6":{"name":"(anonymous_6)","decl":{"start":{"line":107,"column":23},"end":{"line":107,"column":24}},"loc":{"start":{"line":107,"column":37},"end":{"line":109,"column":1}},"line":107},"7":{"name":"(anonymous_7)","decl":{"start":{"line":112,"column":32},"end":{"line":112,"column":33}},"loc":{"start":{"line":112,"column":38},"end":{"line":114,"column":1}},"line":112}},"branchMap":{"0":{"loc":{"start":{"line":11,"column":13},"end":{"line":11,"column":37}},"type":"binary-expr","locations":[{"start":{"line":11,"column":13},"end":{"line":11,"column":29}},{"start":{"line":11,"column":33},"end":{"line":11,"column":37}}],"line":11},"1":{"loc":{"start":{"line":55,"column":4},"end":{"line":57,"column":5}},"type":"if","locations":[{"start":{"line":55,"column":4},"end":{"line":57,"column":5}},{"start":{},"end":{}}],"line":55},"2":{"loc":{"start":{"line":55,"column":8},"end":{"line":55,"column":56}},"type":"binary-expr","locations":[{"start":{"line":55,"column":8},"end":{"line":55,"column":13}},{"start":{"line":55,"column":17},"end":{"line":55,"column":56}}],"line":55},"3":{"loc":{"start":{"line":67,"column":4},"end":{"line":69,"column":5}},"type":"if","locations":[{"start":{"line":67,"column":4},"end":{"line":69,"column":5}},{"start":{},"end":{}}],"line":67},"4":{"loc":{"start":{"line":67,"column":8},"end":{"line":67,"column":37}},"type":"binary-expr","locations":[{"start":{"line":67,"column":8},"end":{"line":67,"column":18}},{"start":{"line":67,"column":22},"end":{"line":67,"column":37}}],"line":67},"5":{"loc":{"start":{"line":95,"column":8},"end":{"line":97,"column":9}},"type":"if","locations":[{"start":{"line":95,"column":8},"end":{"line":97,"column":9}},{"start":{},"end":{}}],"line":95}},"s":{"0":1,"1":1,"2":1,"3":1,"4":1,"5":1,"6":1,"7":1,"8":1,"9":1,"10":1,"11":1,"12":1,"13":1,"14":1,"15":1,"16":0,"17":1,"18":1,"19":1,"20":1,"21":2,"22":1,"23":1,"24":2,"25":2,"26":2,"27":0,"28":2,"29":2,"30":1,"31":1,"32":1,"33":0,"34":1,"35":1,"36":1,"37":1,"38":1,"39":0,"40":1,"41":1,"42":1,"43":1,"44":1,"45":0,"46":1,"47":1,"48":0,"49":1,"50":0,"51":1,"52":1,"53":1},"f":{"0":1,"1":0,"2":2,"3":2,"4":1,"5":1,"6":0,"7":1},"b":{"0":[1,1],"1":[0,2],"2":[2,2],"3":[0,1],"4":[1,1],"5":[0,1]},"inputSourceMap":null,"_coverageSchema":"1a1c01bbd47fc00a2c39e90264f33305004495a9","hash":"bb01c360357899cccb91cfd8ebf4912c00ce3b32"}
}
