TN:
SF:server.js
FN:25,(anonymous_0)
FN:26,(anonymous_1)
FN:44,(anonymous_2)
FN:51,(anonymous_3)
FN:64,(anonymous_4)
FN:89,(anonymous_5)
FN:107,(anonymous_6)
FN:112,(anonymous_7)
FNF:8
FNH:6
FNDA:1,(anonymous_0)
FNDA:0,(anonymous_1)
FNDA:2,(anonymous_2)
FNDA:2,(anonymous_3)
FNDA:1,(anonymous_4)
FNDA:1,(anonymous_5)
FNDA:0,(anonymous_6)
FNDA:1,(anonymous_7)
DA:1,1
DA:2,1
DA:3,1
DA:4,1
DA:5,1
DA:6,1
DA:7,1
DA:8,1
DA:10,1
DA:11,1
DA:14,1
DA:15,1
DA:16,1
DA:19,1
DA:22,1
DA:25,1
DA:26,0
DA:29,1
DA:36,1
DA:39,1
DA:44,1
DA:45,2
DA:48,1
DA:51,1
DA:52,2
DA:54,2
DA:55,2
DA:56,0
DA:59,2
DA:60,2
DA:64,1
DA:65,1
DA:67,1
DA:68,0
DA:71,1
DA:73,1
DA:80,1
DA:81,1
DA:82,1
DA:84,0
DA:89,1
DA:90,1
DA:92,1
DA:93,1
DA:95,1
DA:96,0
DA:99,1
DA:100,1
DA:102,0
DA:107,1
DA:108,0
DA:112,1
DA:113,1
DA:116,1
LF:54
LH:47
BRDA:11,0,0,1
BRDA:11,0,1,1
BRDA:55,1,0,0
BRDA:55,1,1,2
BRDA:55,2,0,2
BRDA:55,2,1,2
BRDA:67,3,0,0
BRDA:67,3,1,1
BRDA:67,4,0,1
BRDA:67,4,1,1
BRDA:95,5,0,0
BRDA:95,5,1,1
BRF:12
BRH:9
end_of_record
